--- Copying files at Mon Dec 24 07:35:12 UTC 2018
INSTALLED init.groovy.d/tcp-slave-agent-port.groovy
--- Copying files at Mon Dec 24 07:35:46 UTC 2018
--- Copying files at Mon Dec 24 07:35:51 UTC 2018
--- Copying files at Mon Dec 24 07:51:28 UTC 2018
--- Copying files at Tue Dec 25 01:46:50 UTC 2018
--- Copying files at Wed Dec 26 06:21:14 UTC 2018
--- Copying files at Wed Dec 26 16:45:09 CST 2018
--- Copying files at Wed Dec 26 16:50:50 CST 2018
--- Copying files at Wed Dec 26 16:56:10 CST 2018
--- Copying files at Wed Jan  2 10:38:55 CST 2019
--- Copying files at Wed Jan  2 02:43:11 UTC 2019
--- Copying files at Wed Jan  2 10:50:31 CST 2019
--- Copying files at Wed Jan  2 14:57:55 CST 2019
--- Copying files at Wed Jan  2 21:00:05 CST 2019
--- Copying files at Wed Jan  2 21:19:25 CST 2019
--- Copying files at Wed Jan  2 21:36:48 CST 2019
--- Copying files at Thu Jan  3 16:41:02 CST 2019
--- Copying files at Mon Jan  7 16:10:32 CST 2019
--- Copying files at Fri Jan 11 10:32:33 CST 2019
--- Copying files at Mon Jan 14 13:28:02 CST 2019
--- Copying files at Mon Jan 14 13:29:48 CST 2019
--- Copying files at Mon Jan 14 13:32:47 CST 2019
--- Copying files at Tue Feb 12 16:41:15 CST 2019
--- Copying files at Tue Feb 12 16:44:58 CST 2019
--- Copying files at Wed Feb 20 15:42:03 CST 2019
